<?xml version="1.0" encoding="UTF-8"?>
<!-- Generated by org.testng.reporters.JUnitXMLReporter -->
<testsuite hostname="Siddharth-PC" name="Test" tests="1" failures="0" timestamp="29 Apr 2018 11:07:06 GMT" time="0.296" errors="0">
  <testcase name="@BeforeClass beforeClass" time="0.0" classname="com.selnium.driver.Driver">
    <failure type="java.lang.IllegalStateException" message="The path to the driver executable must be set by the webdriver.gecko.driver system property; for more information, see https://github.com/mozilla/geckodriver. The latest version can be downloaded from https://github.com/mozilla/geckodriver/releases">
      <![CDATA[java.lang.IllegalStateException: The path to the driver executable must be set by the webdriver.gecko.driver system property; for more information, see https://github.com/mozilla/geckodriver. The latest version can be downloaded from https://github.com/mozilla/geckodriver/releases
	at com.google.common.base.Preconditions.checkState(Preconditions.java:754)
	at org.openqa.selenium.remote.service.DriverService.findExecutable(DriverService.java:124)
	at org.openqa.selenium.firefox.GeckoDriverService.access$100(GeckoDriverService.java:41)
	at org.openqa.selenium.firefox.GeckoDriverService$Builder.findDefaultExecutable(GeckoDriverService.java:141)
	at org.openqa.selenium.remote.service.DriverService$Builder.build(DriverService.java:339)
	at org.openqa.selenium.firefox.FirefoxDriver.toExecutor(FirefoxDriver.java:158)
	at org.openqa.selenium.firefox.FirefoxDriver.<init>(FirefoxDriver.java:120)
	at org.openqa.selenium.firefox.FirefoxDriver.<init>(FirefoxDriver.java:98)
	at com.selnium.driver.Driver.beforeClass(Driver.java:22)
... Removed 24 stack frames]]>
    </failure>
  </testcase> <!-- @BeforeClass beforeClass -->
  <testcase name="@AfterClass afterClass" time="0.0" classname="com.selnium.driver.Driver">
    <skipped/>
  </testcase> <!-- @AfterClass afterClass -->
  <testcase name="openMyBlog" time="0.015" classname="com.selnium.driver.Driver">
    <skipped/>
  </testcase> <!-- openMyBlog -->
</testsuite> <!-- Test -->
